{
  "RSpec": {
    "coverage": {
      "/home/renato-franco/Área de Trabalho/howto_test/app/helpers/application_helper.rb": [
        1,
        null
      ],
      "/home/renato-franco/Área de Trabalho/howto_test/app/helpers/contacts_helper.rb": [
        1,
        null
      ],
      "/home/renato-franco/Área de Trabalho/howto_test/app/controllers/contacts_controller.rb": [
        null,
        1,
        1,
        1,
        null,
        1,
        3,
        3,
        null,
        null,
        1,
        2,
        null,
        null,
        1,
        2,
        2,
        6,
        null,
        2,
        null,
        null,
        1,
        null,
        null,
        1,
        4,
        4,
        4,
        null,
        null,
        1,
        5,
        5,
        null,
        null,
        1,
        2,
        2,
        null,
        null,
        1,
        1,
        9,
        null,
        null,
        1,
        9,
        null,
        null
      ],
      "/home/renato-franco/Área de Trabalho/howto_test/app/controllers/application_controller.rb": [
        1,
        null,
        1,
        1,
        1,
        null,
        null
      ],
      "/home/renato-franco/Área de Trabalho/howto_test/lib/application_responder.rb": [
        1,
        1,
        1,
        null,
        null,
        null,
        null,
        null
      ],
      "/home/renato-franco/Área de Trabalho/howto_test/app/models/contact.rb": [
        null,
        1,
        1,
        null,
        1,
        null,
        null,
        null,
        null,
        null,
        1,
        null,
        null,
        null,
        null,
        null,
        1,
        1,
        null,
        null
      ],
      "/home/renato-franco/Área de Trabalho/howto_test/app/models/application_record.rb": [
        1,
        1,
        null
      ],
      "/home/renato-franco/Área de Trabalho/howto_test/app/models/phone.rb": [
        null,
        1,
        1,
        null,
        1,
        null,
        null,
        null,
        null,
        null,
        1,
        null,
        null,
        null,
        null,
        null
      ],
      "/home/renato-franco/Área de Trabalho/howto_test/app/channels/application_cable/channel.rb": [
        0,
        0,
        0,
        0
      ],
      "/home/renato-franco/Área de Trabalho/howto_test/app/channels/application_cable/connection.rb": [
        0,
        0,
        0,
        0
      ],
      "/home/renato-franco/Área de Trabalho/howto_test/app/jobs/application_job.rb": [
        0,
        0
      ],
      "/home/renato-franco/Área de Trabalho/howto_test/app/mailers/application_mailer.rb": [
        0,
        0,
        0,
        0
      ]
    },
    "timestamp": 1531710269
  }
}
